<?xml version="1.0" encoding="UTF-8"?>
<robot generator="Robot 3.0.2 (Python 3.6.0 on win32)" generated="20171125 14:30:51.091">
<suite id="s1" name="Register" source="C:\Users\informatics\workspace\06-register-robot\test\register.robot">
<test id="s1-t1" name="Check all required fields in registration form">
<kw name="Open Browser" library="SeleniumLibrary">
<doc>Opens a new browser instance to the given ``url``.</doc>
<arguments>
<arg>http://bit.ly/2BajZDe</arg>
<arg>chrome</arg>
</arguments>
<msg timestamp="20171125 14:30:51.187" level="INFO">Opening browser 'chrome' to base url 'http://bit.ly/2BajZDe'.</msg>
<status status="PASS" starttime="20171125 14:30:51.187" endtime="20171125 14:30:55.188"></status>
</kw>
<kw name="Click Element" library="SeleniumLibrary">
<doc>Click element identified by ``locator``.</doc>
<arguments>
<arg>id=btn_submit</arg>
</arguments>
<msg timestamp="20171125 14:30:55.188" level="INFO">Clicking element 'id=btn_submit'.</msg>
<status status="PASS" starttime="20171125 14:30:55.188" endtime="20171125 14:30:55.294"></status>
</kw>
<kw name="Wait Until Page Contains" library="SeleniumLibrary">
<doc>Waits until ``text`` appears on current page.</doc>
<arguments>
<arg>The Email field is required.</arg>
</arguments>
<status status="PASS" starttime="20171125 14:30:55.295" endtime="20171125 14:30:55.316"></status>
</kw>
<kw name="Wait Until Page Contains" library="SeleniumLibrary">
<doc>Waits until ``text`` appears on current page.</doc>
<arguments>
<arg>The Password field is required.</arg>
</arguments>
<status status="PASS" starttime="20171125 14:30:55.316" endtime="20171125 14:30:55.335"></status>
</kw>
<kw name="Wait Until Page Contains" library="SeleniumLibrary">
<doc>Waits until ``text`` appears on current page.</doc>
<arguments>
<arg>The Re-type Password field is required.</arg>
</arguments>
<status status="PASS" starttime="20171125 14:30:55.336" endtime="20171125 14:30:55.351"></status>
</kw>
<kw name="Wait Until Page Contains" library="SeleniumLibrary">
<doc>Waits until ``text`` appears on current page.</doc>
<arguments>
<arg>The Name field is required.</arg>
</arguments>
<status status="PASS" starttime="20171125 14:30:55.351" endtime="20171125 14:30:55.367"></status>
</kw>
<status status="PASS" starttime="20171125 14:30:51.187" endtime="20171125 14:30:55.367" critical="yes"></status>
</test>
<test id="s1-t2" name="Register successfully when input valid data">
<kw name="Open Browser" library="SeleniumLibrary">
<doc>Opens a new browser instance to the given ``url``.</doc>
<arguments>
<arg>http://bit.ly/2BajZDe</arg>
<arg>chrome</arg>
</arguments>
<msg timestamp="20171125 14:30:55.369" level="INFO">Opening browser 'chrome' to base url 'http://bit.ly/2BajZDe'.</msg>
<status status="PASS" starttime="20171125 14:30:55.368" endtime="20171125 14:30:59.374"></status>
</kw>
<kw name="Input Text" library="SeleniumLibrary">
<doc>Types the given ``text`` into text field identified by ``locator``.</doc>
<arguments>
<arg>id=email</arg>
<arg>sontaya16@gmail.com</arg>
</arguments>
<msg timestamp="20171125 14:30:59.376" level="INFO">Typing text 'sontaya16@gmail.com' into text field 'id=email'.</msg>
<status status="PASS" starttime="20171125 14:30:59.375" endtime="20171125 14:30:59.514"></status>
</kw>
<kw name="Input Password" library="SeleniumLibrary">
<doc>Types the given password into text field identified by ``locator``.</doc>
<arguments>
<arg>id=password</arg>
<arg>22222222</arg>
</arguments>
<msg timestamp="20171125 14:30:59.514" level="INFO">Typing password into text field 'id=password'.</msg>
<status status="PASS" starttime="20171125 14:30:59.514" endtime="20171125 14:30:59.597"></status>
</kw>
<kw name="Input Password" library="SeleniumLibrary">
<doc>Types the given password into text field identified by ``locator``.</doc>
<arguments>
<arg>id=repassword</arg>
<arg>22222222</arg>
</arguments>
<msg timestamp="20171125 14:30:59.597" level="INFO">Typing password into text field 'id=repassword'.</msg>
<status status="PASS" starttime="20171125 14:30:59.597" endtime="20171125 14:30:59.673"></status>
</kw>
<kw name="Input Text" library="SeleniumLibrary">
<doc>Types the given ``text`` into text field identified by ``locator``.</doc>
<arguments>
<arg>id=name</arg>
<arg>Golf</arg>
</arguments>
<msg timestamp="20171125 14:30:59.673" level="INFO">Typing text 'Golf' into text field 'id=name'.</msg>
<status status="PASS" starttime="20171125 14:30:59.673" endtime="20171125 14:30:59.749"></status>
</kw>
<kw name="Click Element" library="SeleniumLibrary">
<doc>Click element identified by ``locator``.</doc>
<arguments>
<arg>id=btn_submit</arg>
</arguments>
<msg timestamp="20171125 14:30:59.750" level="INFO">Clicking element 'id=btn_submit'.</msg>
<status status="PASS" starttime="20171125 14:30:59.750" endtime="20171125 14:30:59.919"></status>
</kw>
<kw name="Wait Until Page Contains" library="SeleniumLibrary">
<doc>Waits until ``text`` appears on current page.</doc>
<arguments>
<arg>sontaya16@gmail.com</arg>
</arguments>
<status status="PASS" starttime="20171125 14:30:59.919" endtime="20171125 14:30:59.940"></status>
</kw>
<status status="PASS" starttime="20171125 14:30:55.368" endtime="20171125 14:30:59.940" critical="yes"></status>
</test>
<kw name="Close All Browsers" library="SeleniumLibrary" type="teardown">
<doc>Closes all open browsers and resets the browser cache.</doc>
<status status="PASS" starttime="20171125 14:30:59.941" endtime="20171125 14:31:06.045"></status>
</kw>
<status status="PASS" starttime="20171125 14:30:51.091" endtime="20171125 14:31:06.045"></status>
</suite>
<statistics>
<total>
<stat pass="2" fail="0">Critical Tests</stat>
<stat pass="2" fail="0">All Tests</stat>
</total>
<tag>
</tag>
<suite>
<stat pass="2" fail="0" id="s1" name="Register">Register</stat>
</suite>
</statistics>
<errors>
</errors>
</robot>
